<?xml version="1.0" encoding="UTF-8"?>
<!-- Generated by org.testng.reporters.JUnitReportReporter -->
<testsuite hostname="DESKTOP-BLK2H80" failures="0" tests="1" name="tests.SnipeITLoginTest" time="10.639" errors="0" timestamp="2024-04-18T14:31:10 IST" skipped="0">
  <testcase classname="tests.SnipeITLoginTest" name="validSnipeITLoginTest" time="10.639"/>
</testsuite> <!-- tests.SnipeITLoginTest -->
