<?xml version="1.0" encoding="UTF-8"?>
<!-- Generated by org.testng.reporters.JUnitReportReporter -->
<testsuite hostname="DESKTOP-BLK2H80" failures="0" tests="1" name="tests.LoginTests" time="20.180" errors="0" timestamp="2024-04-18T09:12:53 IST" skipped="0">
  <testcase classname="tests.LoginTests" name="validLoginTest" time="20.180"/>
</testsuite> <!-- tests.LoginTests -->
