<?xml version="1.0" encoding="UTF-8"?>
<!-- Generated by org.testng.reporters.JUnitReportReporter -->
<testsuite hostname="DESKTOP-SRRVDGO" failures="0" tests="1" name="tests.LoginTests" time="177.229" errors="0" timestamp="2024-04-10T21:38:59 IST" skipped="0">
  <testcase classname="tests.LoginTests" name="validLoginTest" time="177.229"/>
</testsuite> <!-- tests.LoginTests -->
