<?xml version="1.0" encoding="UTF-8"?>
<!-- Generated by org.testng.reporters.JUnitReportReporter -->
<testsuite hostname="DESKTOP-BLK2H80" failures="0" tests="1" name="tests.LoginTests" time="19.759" errors="0" timestamp="2024-04-18T13:13:37 IST" skipped="0">
  <testcase classname="tests.LoginTests" name="validHRMLoginTest" time="19.759"/>
</testsuite> <!-- tests.LoginTests -->
